<?xml version="1.0" encoding="UTF-8"?>
<robot generator="Robot 7.0 (Python 3.12.2 on win32)" generated="2024-04-23T11:13:39.295732" rpa="false" schemaversion="5">
<suite id="s1" name="Database" source="C:\Users\AbdullahAmir\PycharmProjects\pythonProject2\database.robot">
<test id="s1-t1" name="Connect to Database with Windows Authentication" line="14">
<kw name="Evaluate" owner="BuiltIn">
<msg time="2024-04-23T11:13:39.332839" level="TRACE">Arguments: [ '"DRIVER={SQL Server};SERVER=BSS-PC110;DATABASE=xyz;Trusted_Connection=yes;"' ]</msg>
<msg time="2024-04-23T11:13:39.332839" level="TRACE">Return: 'DRIVER={SQL Server};SERVER=BSS-PC110;DATABASE=xyz;Trusted_Connection=yes;'</msg>
<msg time="2024-04-23T11:13:39.332839" level="INFO">${connection string} = DRIVER={SQL Server};SERVER=BSS-PC110;DATABASE=xyz;Trusted_Connection=yes;</msg>
<var>${connection string}</var>
<arg>"DRIVER={SQL Server};SERVER=${DBHost};DATABASE=${DBName};Trusted_Connection=yes;"</arg>
<doc>Evaluates the given expression in Python and returns the result.</doc>
<status status="PASS" start="2024-04-23T11:13:39.332839" elapsed="0.000000"/>
</kw>
<kw name="Connect To Database" owner="DatabaseLibrary">
<msg time="2024-04-23T11:13:39.333935" level="TRACE">Arguments: [ 'DRIVER={SQL Server};SERVER=BSS-PC110;DATABASE=xyz;Trusted_Connection=yes;' ]</msg>
<msg time="2024-04-23T11:13:39.333935" level="FAIL">ValueError: Required 'dbName' parameter was not provided in keyword arguments.</msg>
<msg time="2024-04-23T11:13:39.335038" level="DEBUG">Traceback (most recent call last):
  File "C:\Users\AbdullahAmir\PycharmProjects\pythonProject2\.venv\Lib\site-packages\DatabaseLibrary\connection_manager.py", line 185, in connect_to_database
    dbName = dbName or config.get("dbName")
                       ^^^^^^^^^^^^^^^^^^^^
  File "C:\Users\AbdullahAmir\PycharmProjects\pythonProject2\.venv\Lib\site-packages\DatabaseLibrary\connection_manager.py", line 99, in get
    raise ValueError(f"Required '{param}' parameter was not provided in keyword arguments.") from None
ValueError: Required 'dbName' parameter was not provided in keyword arguments.</msg>
<var>${conn}</var>
<arg>${connection string}</arg>
<doc>Loads the DB API 2.0 module given ``dbapiModuleName`` then uses it to
connect to the database using provided parameters such as ``dbName``, ``dbUsername``, and ``dbPassword``.</doc>
<status status="FAIL" start="2024-04-23T11:13:39.333935" elapsed="0.001103">ValueError: Required 'dbName' parameter was not provided in keyword arguments.</status>
</kw>
<kw name="Run Keyword And Return Status" owner="BuiltIn">
<var>${result}</var>
<arg>Execute SQL String</arg>
<arg>${conn}</arg>
<arg>CREATE TABLE IF NOT EXISTS person (id SERIAL PRIMARY KEY, first_name VARCHAR(255), last_name VARCHAR(255))</arg>
<doc>Runs the given keyword with given arguments and returns the status as a Boolean value.</doc>
<status status="NOT RUN" start="2024-04-23T11:13:39.335977" elapsed="0.000000"/>
</kw>
<kw name="Should Be True" owner="BuiltIn">
<arg>${result}</arg>
<doc>Fails if the given condition is not true.</doc>
<status status="NOT RUN" start="2024-04-23T11:13:39.335977" elapsed="0.000000"/>
</kw>
<kw name="Close Connection">
<arg>${conn}</arg>
<status status="NOT RUN" start="2024-04-23T11:13:39.338023" elapsed="0.000000"/>
</kw>
<doc>default</doc>
<tag>default</tag>
<status status="FAIL" start="2024-04-23T11:13:39.331840" elapsed="0.007138">ValueError: Required 'dbName' parameter was not provided in keyword arguments.</status>
</test>
<doc>This is the default settings section</doc>
<status status="FAIL" start="2024-04-23T11:13:39.297733" elapsed="0.043209"/>
</suite>
<statistics>
<total>
<stat pass="0" fail="1" skip="0">All Tests</stat>
</total>
<tag>
<stat pass="0" fail="1" skip="0">default</stat>
</tag>
<suite>
<stat pass="0" fail="1" skip="0" id="s1" name="Database">Database</stat>
</suite>
</statistics>
<errors>
</errors>
</robot>
